\BOOKMARK [1][-]{section.1}{Introduction}{}% 1
\BOOKMARK [1][-]{section.2}{Simplifying Qubit ZX-Diagrams}{}% 2
\BOOKMARK [2][-]{subsection.2.1}{The Qubit ZX-Calculus}{section.2}% 3
\BOOKMARK [2][-]{subsection.2.2}{Stabilizer Qubit ZX Diagrams}{section.2}% 4
\BOOKMARK [1][-]{section.3}{Simplifying Qutrit ZX-Diagrams}{}% 5
\BOOKMARK [2][-]{subsection.3.1}{The Qutrit ZX-Calculus}{section.3}% 6
\BOOKMARK [2][-]{subsection.3.2}{Graph-Like Qutrit ZX Diagrams}{section.3}% 7
\BOOKMARK [2][-]{subsection.3.3}{Qutrit Elimination Theorems}{section.3}% 8
\BOOKMARK [1][-]{section.4}{Case studies}{}% 9
\BOOKMARK [2][-]{subsection.4.1}{Jones Polynomial at Lattice Roots of Unity}{section.4}% 10
\BOOKMARK [2][-]{subsection.4.2}{Graph Colouring}{section.4}% 11
\BOOKMARK [1][-]{section.5}{Outlook}{}% 12
\BOOKMARK [1][-]{section.6}{Acknowledgments}{}% 13
\BOOKMARK [1][-]{appendix.A}{Qubit ZX Calculus}{}% 14
\BOOKMARK [1][-]{appendix.B}{Qutrit ZX Calculus}{}% 15
\BOOKMARK [1][-]{appendix.C}{Local Pivot in Qutrit ZX}{}% 16
\BOOKMARK [1][-]{appendix.D}{Spider Elimination Rules for Qutrit ZX}{}% 17
\BOOKMARK [2][-]{subsection.D.1}{P-spider Elimination}{appendix.D}% 18
\BOOKMARK [2][-]{subsection.D.2}{N-spider Elimination}{appendix.D}% 19
\BOOKMARK [2][-]{subsection.D.3}{M-spider Elimination}{appendix.D}% 20
\BOOKMARK [1][-]{appendix.E}{Boxes in the ZX Calculus}{}% 21
