This is pdfTeX, Version 3.14159265-2.6-1.40.21 (TeX Live 2020) (preloaded format=pdflatex 2020.11.10)  11 FEB 2021 12:08
entering extended mode
 restricted \write18 enabled.
 %&-line parsing enabled.
**ZX-qutritpivot-complexity.tex
(./ZX-qutritpivot-complexity.tex
LaTeX2e <2020-02-02> patch level 5
L3 programming layer <2020-03-06> (./eptcs.cls
Document Class: eptcs 2010/11/26 v1.5
(/usr/local/texlive/2020/texmf-dist/tex/latex/base/article.cls
Document Class: article 2019/12/20 v1.4l Standard LaTeX document class
(/usr/local/texlive/2020/texmf-dist/tex/latex/base/size11.clo
File: size11.clo 2019/12/20 v1.4l Standard LaTeX file (size option)
)
\c@part=\count167
\c@section=\count168
\c@subsection=\count169
\c@subsubsection=\count170
\c@paragraph=\count171
\c@subparagraph=\count172
\c@figure=\count173
\c@table=\count174
\abovecaptionskip=\skip47
\belowcaptionskip=\skip48
\bibindent=\dimen134
)
(/usr/local/texlive/2020/texmf-dist/tex/latex/hyperref/hyperref.sty
Package: hyperref 2020/01/14 v7.00d Hypertext links for LaTeX

(/usr/local/texlive/2020/texmf-dist/tex/generic/ltxcmds/ltxcmds.sty
Package: ltxcmds 2019/12/15 v1.24 LaTeX kernel commands for general use (HO)
)
(/usr/local/texlive/2020/texmf-dist/tex/generic/iftex/iftex.sty
Package: iftex 2020/03/06 v1.0d TeX engine tests
)
(/usr/local/texlive/2020/texmf-dist/tex/latex/pdftexcmds/pdftexcmds.sty
Package: pdftexcmds 2019/11/24 v0.31 Utility functions of pdfTeX for LuaTeX (HO
)

(/usr/local/texlive/2020/texmf-dist/tex/generic/infwarerr/infwarerr.sty
Package: infwarerr 2019/12/03 v1.5 Providing info/warning/error messages (HO)
)
Package pdftexcmds Info: \pdf@primitive is available.
Package pdftexcmds Info: \pdf@ifprimitive is available.
Package pdftexcmds Info: \pdfdraftmode found.
)
(/usr/local/texlive/2020/texmf-dist/tex/latex/graphics/keyval.sty
Package: keyval 2014/10/28 v1.15 key=value parser (DPC)
\KV@toks@=\toks15
)
(/usr/local/texlive/2020/texmf-dist/tex/generic/kvsetkeys/kvsetkeys.sty
Package: kvsetkeys 2019/12/15 v1.18 Key value parser (HO)
)
(/usr/local/texlive/2020/texmf-dist/tex/generic/kvdefinekeys/kvdefinekeys.sty
Package: kvdefinekeys 2019-12-19 v1.6 Define keys (HO)
)
(/usr/local/texlive/2020/texmf-dist/tex/generic/pdfescape/pdfescape.sty
Package: pdfescape 2019/12/09 v1.15 Implements pdfTeX's escape features (HO)
)
(/usr/local/texlive/2020/texmf-dist/tex/latex/hycolor/hycolor.sty
Package: hycolor 2020-01-27 v1.10 Color options for hyperref/bookmark (HO)
)
(/usr/local/texlive/2020/texmf-dist/tex/latex/letltxmacro/letltxmacro.sty
Package: letltxmacro 2019/12/03 v1.6 Let assignment for LaTeX macros (HO)
)
(/usr/local/texlive/2020/texmf-dist/tex/latex/auxhook/auxhook.sty
Package: auxhook 2019-12-17 v1.6 Hooks for auxiliary files (HO)
)
(/usr/local/texlive/2020/texmf-dist/tex/latex/kvoptions/kvoptions.sty
Package: kvoptions 2019/11/29 v3.13 Key value format for package options (HO)
)
\@linkdim=\dimen135
\Hy@linkcounter=\count175
\Hy@pagecounter=\count176

(/usr/local/texlive/2020/texmf-dist/tex/latex/hyperref/pd1enc.def
File: pd1enc.def 2020/01/14 v7.00d Hyperref: PDFDocEncoding definition (HO)
Now handling font encoding PD1 ...
... no UTF-8 mapping file for font encoding PD1
)
(/usr/local/texlive/2020/texmf-dist/tex/generic/intcalc/intcalc.sty
Package: intcalc 2019/12/15 v1.3 Expandable calculations with integers (HO)
)
(/usr/local/texlive/2020/texmf-dist/tex/generic/etexcmds/etexcmds.sty
Package: etexcmds 2019/12/15 v1.7 Avoid name clashes with e-TeX commands (HO)
)
\Hy@SavedSpaceFactor=\count177
Package hyperref Info: Hyper figures OFF on input line 4547.
Package hyperref Info: Link nesting OFF on input line 4552.
Package hyperref Info: Hyper index ON on input line 4555.
Package hyperref Info: Plain pages OFF on input line 4562.
Package hyperref Info: Backreferencing OFF on input line 4567.
Package hyperref Info: Implicit mode ON; LaTeX internals redefined.
Package hyperref Info: Bookmarks ON on input line 4800.
\c@Hy@tempcnt=\count178

(/usr/local/texlive/2020/texmf-dist/tex/latex/url/url.sty
\Urlmuskip=\muskip16
Package: url 2013/09/16  ver 3.4  Verb mode for urls, etc.
)
LaTeX Info: Redefining \url on input line 5159.
\XeTeXLinkMargin=\dimen136

(/usr/local/texlive/2020/texmf-dist/tex/generic/bitset/bitset.sty
Package: bitset 2019/12/09 v1.3 Handle bit-vector datatype (HO)

(/usr/local/texlive/2020/texmf-dist/tex/generic/bigintcalc/bigintcalc.sty
Package: bigintcalc 2019/12/15 v1.5 Expandable calculations on big integers (HO
)
))
\Fld@menulength=\count179
\Field@Width=\dimen137
\Fld@charsize=\dimen138
Package hyperref Info: Hyper figures OFF on input line 6430.
Package hyperref Info: Link nesting OFF on input line 6435.
Package hyperref Info: Hyper index ON on input line 6438.
Package hyperref Info: backreferencing OFF on input line 6445.
Package hyperref Info: Link coloring OFF on input line 6450.
Package hyperref Info: Link coloring with OCG OFF on input line 6455.
Package hyperref Info: PDF/A mode OFF on input line 6460.
LaTeX Info: Redefining \ref on input line 6500.
LaTeX Info: Redefining \pageref on input line 6504.

(/usr/local/texlive/2020/texmf-dist/tex/generic/atbegshi/atbegshi.sty
Package: atbegshi 2019/12/05 v1.19 At begin shipout hook (HO)
)
\Hy@abspage=\count180
\c@Item=\count181
\c@Hfootnote=\count182
)
Package hyperref Info: Driver (autodetected): hpdftex.

(/usr/local/texlive/2020/texmf-dist/tex/latex/hyperref/hpdftex.def
File: hpdftex.def 2020/01/14 v7.00d Hyperref driver for pdfTeX

(/usr/local/texlive/2020/texmf-dist/tex/latex/atveryend/atveryend.sty
Package: atveryend 2019-12-11 v1.11 Hooks at the very end of document (HO)
Package atveryend Info: \enddocument detected (standard20110627).
)
\Fld@listcount=\count183
\c@bookmark@seq@number=\count184

(/usr/local/texlive/2020/texmf-dist/tex/latex/rerunfilecheck/rerunfilecheck.sty
Package: rerunfilecheck 2019/12/05 v1.9 Rerun checks for auxiliary files (HO)

(/usr/local/texlive/2020/texmf-dist/tex/generic/uniquecounter/uniquecounter.sty
Package: uniquecounter 2019/12/15 v1.4 Provide unlimited unique counter (HO)
)
Package uniquecounter Info: New unique counter `rerunfilecheck' on input line 2
86.
)
\Hy@SectionHShift=\skip49
) (/usr/local/texlive/2020/texmf-dist/tex/latex/psnfss/mathptmx.sty
Package: mathptmx 2005/04/12 PSNFSS-v9.2a Times w/ Math, improved (SPQR, WaS) 
LaTeX Font Info:    Redeclaring symbol font `operators' on input line 28.
LaTeX Font Info:    Overwriting symbol font `operators' in version `normal'
(Font)                  OT1/cmr/m/n --> OT1/ztmcm/m/n on input line 28.
LaTeX Font Info:    Overwriting symbol font `operators' in version `bold'
(Font)                  OT1/cmr/bx/n --> OT1/ztmcm/m/n on input line 28.
LaTeX Font Info:    Redeclaring symbol font `letters' on input line 29.
LaTeX Font Info:    Overwriting symbol font `letters' in version `normal'
(Font)                  OML/cmm/m/it --> OML/ztmcm/m/it on input line 29.
LaTeX Font Info:    Overwriting symbol font `letters' in version `bold'
(Font)                  OML/cmm/b/it --> OML/ztmcm/m/it on input line 29.
LaTeX Font Info:    Redeclaring symbol font `symbols' on input line 30.
LaTeX Font Info:    Overwriting symbol font `symbols' in version `normal'
(Font)                  OMS/cmsy/m/n --> OMS/ztmcm/m/n on input line 30.
LaTeX Font Info:    Overwriting symbol font `symbols' in version `bold'
(Font)                  OMS/cmsy/b/n --> OMS/ztmcm/m/n on input line 30.
LaTeX Font Info:    Redeclaring symbol font `largesymbols' on input line 31.
LaTeX Font Info:    Overwriting symbol font `largesymbols' in version `normal'
(Font)                  OMX/cmex/m/n --> OMX/ztmcm/m/n on input line 31.
LaTeX Font Info:    Overwriting symbol font `largesymbols' in version `bold'
(Font)                  OMX/cmex/m/n --> OMX/ztmcm/m/n on input line 31.
\symbold=\mathgroup4
\symitalic=\mathgroup5
LaTeX Font Info:    Redeclaring math alphabet \mathbf on input line 34.
LaTeX Font Info:    Overwriting math alphabet `\mathbf' in version `normal'
(Font)                  OT1/cmr/bx/n --> OT1/ptm/bx/n on input line 34.
LaTeX Font Info:    Overwriting math alphabet `\mathbf' in version `bold'
(Font)                  OT1/cmr/bx/n --> OT1/ptm/bx/n on input line 34.
LaTeX Font Info:    Redeclaring math alphabet \mathit on input line 35.
LaTeX Font Info:    Overwriting math alphabet `\mathit' in version `normal'
(Font)                  OT1/cmr/m/it --> OT1/ptm/m/it on input line 35.
LaTeX Font Info:    Overwriting math alphabet `\mathit' in version `bold'
(Font)                  OT1/cmr/bx/it --> OT1/ptm/m/it on input line 35.
LaTeX Info: Redefining \hbar on input line 50.
)
\c@firstpage=\count185
)
(./preamble.tex
(/usr/local/texlive/2020/texmf-dist/tex/latex/graphics/graphicx.sty
Package: graphicx 2019/11/30 v1.2a Enhanced LaTeX Graphics (DPC,SPQR)

(/usr/local/texlive/2020/texmf-dist/tex/latex/graphics/graphics.sty
Package: graphics 2019/11/30 v1.4a Standard LaTeX Graphics (DPC,SPQR)

(/usr/local/texlive/2020/texmf-dist/tex/latex/graphics/trig.sty
Package: trig 2016/01/03 v1.10 sin cos tan (DPC)
)
(/usr/local/texlive/2020/texmf-dist/tex/latex/graphics-cfg/graphics.cfg
File: graphics.cfg 2016/06/04 v1.11 sample graphics configuration
)
Package graphics Info: Driver file: pdftex.def on input line 105.

(/usr/local/texlive/2020/texmf-dist/tex/latex/graphics-def/pdftex.def
File: pdftex.def 2018/01/08 v1.0l Graphics/color driver for pdftex
))
\Gin@req@height=\dimen139
\Gin@req@width=\dimen140
)
(/usr/local/texlive/2020/texmf-dist/tex/latex/amsmath/amsmath.sty
Package: amsmath 2020/01/20 v2.17e AMS math features
\@mathmargin=\skip50

For additional information on amsmath, use the `?' option.
(/usr/local/texlive/2020/texmf-dist/tex/latex/amsmath/amstext.sty
Package: amstext 2000/06/29 v2.01 AMS text

(/usr/local/texlive/2020/texmf-dist/tex/latex/amsmath/amsgen.sty
File: amsgen.sty 1999/11/30 v2.0 generic functions
\@emptytoks=\toks16
\ex@=\dimen141
))
(/usr/local/texlive/2020/texmf-dist/tex/latex/amsmath/amsbsy.sty
Package: amsbsy 1999/11/29 v1.2d Bold Symbols
\pmbraise@=\dimen142
)
(/usr/local/texlive/2020/texmf-dist/tex/latex/amsmath/amsopn.sty
Package: amsopn 2016/03/08 v2.02 operator names
)
\inf@bad=\count186
LaTeX Info: Redefining \frac on input line 227.
\uproot@=\count187
\leftroot@=\count188
LaTeX Info: Redefining \overline on input line 389.
\classnum@=\count189
\DOTSCASE@=\count190
LaTeX Info: Redefining \ldots on input line 486.
LaTeX Info: Redefining \dots on input line 489.
LaTeX Info: Redefining \cdots on input line 610.
\Mathstrutbox@=\box45
\strutbox@=\box46
\big@size=\dimen143
LaTeX Font Info:    Redeclaring font encoding OML on input line 733.
LaTeX Font Info:    Redeclaring font encoding OMS on input line 734.
\macc@depth=\count191
\c@MaxMatrixCols=\count192
\dotsspace@=\muskip17
\c@parentequation=\count193
\dspbrk@lvl=\count194
\tag@help=\toks17
\row@=\count195
\column@=\count196
\maxfields@=\count197
\andhelp@=\toks18
\eqnshift@=\dimen144
\alignsep@=\dimen145
\tagshift@=\dimen146
\tagwidth@=\dimen147
\totwidth@=\dimen148
\lineht@=\dimen149
\@envbody=\toks19
\multlinegap=\skip51
\multlinetaggap=\skip52
\mathdisplay@stack=\toks20
LaTeX Info: Redefining \[ on input line 2859.
LaTeX Info: Redefining \] on input line 2860.
)
(/usr/local/texlive/2020/texmf-dist/tex/latex/amscls/amsthm.sty
Package: amsthm 2017/10/31 v2.20.4
\thm@style=\toks21
\thm@bodyfont=\toks22
\thm@headfont=\toks23
\thm@notefont=\toks24
\thm@headpunct=\toks25
\thm@preskip=\skip53
\thm@postskip=\skip54
\thm@headsep=\skip55
\dth@everypar=\toks26
)
(/usr/local/texlive/2020/texmf-dist/tex/latex/amsfonts/amssymb.sty
Package: amssymb 2013/01/14 v3.01 AMS font symbols

(/usr/local/texlive/2020/texmf-dist/tex/latex/amsfonts/amsfonts.sty
Package: amsfonts 2013/01/14 v3.01 Basic AMSFonts support
\symAMSa=\mathgroup6
\symAMSb=\mathgroup7
LaTeX Font Info:    Overwriting math alphabet `\mathfrak' in version `bold'
(Font)                  U/euf/m/n --> U/euf/b/n on input line 106.
))
(/usr/local/texlive/2020/texmf-dist/tex/latex/mathtools/mathtools.sty
Package: mathtools 2020/03/24 v1.24 mathematical typesetting tools

(/usr/local/texlive/2020/texmf-dist/tex/latex/tools/calc.sty
Package: calc 2017/05/25 v4.3 Infix arithmetic (KKT,FJ)
\calc@Acount=\count198
\calc@Bcount=\count199
\calc@Adimen=\dimen150
\calc@Bdimen=\dimen151
\calc@Askip=\skip56
\calc@Bskip=\skip57
LaTeX Info: Redefining \setlength on input line 80.
LaTeX Info: Redefining \addtolength on input line 81.
\calc@Ccount=\count266
\calc@Cskip=\skip58
)
(/usr/local/texlive/2020/texmf-dist/tex/latex/mathtools/mhsetup.sty
Package: mhsetup 2017/03/31 v1.3 programming setup (MH)
)
LaTeX Info: Thecontrolsequence`\('isalreadyrobust on input line 130.
LaTeX Info: Thecontrolsequence`\)'isalreadyrobust on input line 130.
LaTeX Info: Thecontrolsequence`\['isalreadyrobust on input line 130.
LaTeX Info: Thecontrolsequence`\]'isalreadyrobust on input line 130.
\g_MT_multlinerow_int=\count267
\l_MT_multwidth_dim=\dimen152
\origjot=\skip59
\l_MT_shortvdotswithinadjustabove_dim=\dimen153
\l_MT_shortvdotswithinadjustbelow_dim=\dimen154
\l_MT_above_intertext_sep=\dimen155
\l_MT_below_intertext_sep=\dimen156
\l_MT_above_shortintertext_sep=\dimen157
\l_MT_below_shortintertext_sep=\dimen158
\xmathstrut@box=\box47
\xmathstrut@dim=\dimen159
)
(/usr/local/texlive/2020/texmf-dist/tex/latex/xcolor/xcolor.sty
Package: xcolor 2016/05/11 v2.12 LaTeX color extensions (UK)

(/usr/local/texlive/2020/texmf-dist/tex/latex/graphics-cfg/color.cfg
File: color.cfg 2016/01/02 v1.6 sample color configuration
)
Package xcolor Info: Driver file: pdftex.def on input line 225.
Package xcolor Info: Model `cmy' substituted by `cmy0' on input line 1348.
Package xcolor Info: Model `hsb' substituted by `rgb' on input line 1352.
Package xcolor Info: Model `RGB' extended on input line 1364.
Package xcolor Info: Model `HTML' substituted by `rgb' on input line 1366.
Package xcolor Info: Model `Hsb' substituted by `hsb' on input line 1367.
Package xcolor Info: Model `tHsb' substituted by `hsb' on input line 1368.
Package xcolor Info: Model `HSB' substituted by `hsb' on input line 1369.
Package xcolor Info: Model `Gray' substituted by `gray' on input line 1370.
Package xcolor Info: Model `wave' substituted by `hsb' on input line 1371.
)
(/usr/local/texlive/2020/texmf-dist/tex/latex/caption/caption.sty
Package: caption 2020/01/03 v3.4h Customizing captions (AR)

(/usr/local/texlive/2020/texmf-dist/tex/latex/caption/caption3.sty
Package: caption3 2020/01/03 v1.8h caption3 kernel (AR)
Package caption3 Info: TeX engine: e-TeX on input line 61.
\captionmargin=\dimen160
\captionmargin@=\dimen161
\captionwidth=\dimen162
\caption@tempdima=\dimen163
\caption@indent=\dimen164
\caption@parindent=\dimen165
\caption@hangindent=\dimen166
Package caption Info: Standard document class detected.
)
\c@caption@flags=\count268
\c@continuedfloat=\count269
Package caption Info: hyperref package is loaded.
)
(/usr/local/texlive/2020/texmf-dist/tex/latex/stackengine/stackengine.sty
Package: stackengine 2017/02/13 v4.01\ Stacking text and objects in convenient 
ways

(/usr/local/texlive/2020/texmf-dist/tex/latex/etoolbox/etoolbox.sty
Package: etoolbox 2019/09/21 v2.5h e-TeX tools for LaTeX (JAW)
\etb@tempcnta=\count270
)
(/usr/local/texlive/2020/texmf-dist/tex/generic/listofitems/listofitems.sty
(/usr/local/texlive/2020/texmf-dist/tex/generic/listofitems/listofitems.tex
\loi_cnt_foreach_nest=\count271
\loi_nestcnt=\count272
)
Package: listofitems 2019/08/21 v1.63 Grab items in lists using user-specified 
sep char (CT)
)
\c@@stackindex=\count273
\@boxshift=\skip60
\stack@tmplength=\skip61
\temp@stkl=\skip62
\@stackedboxwidth=\skip63
\@addedbox=\box48
\@anchorbox=\box49
\stackedbox=\box50
\@centerbox=\box51
\c@ROWcellindex@=\count274
)
(/usr/local/texlive/2020/texmf-dist/tex/latex/stmaryrd/stmaryrd.sty
Package: stmaryrd 1994/03/03 St Mary's Road symbol package
\symstmry=\mathgroup8
LaTeX Font Info:    Overwriting symbol font `stmry' in version `bold'
(Font)                  U/stmry/m/n --> U/stmry/b/n on input line 89.
)
(/usr/local/texlive/2020/texmf-dist/tex/latex/tcolorbox/tcolorbox.sty
Package: tcolorbox 2019/11/15 version 4.22 text color boxes

(/usr/local/texlive/2020/texmf-dist/tex/latex/pgf/basiclayer/pgf.sty
(/usr/local/texlive/2020/texmf-dist/tex/latex/pgf/utilities/pgfrcs.sty
(/usr/local/texlive/2020/texmf-dist/tex/generic/pgf/utilities/pgfutil-common.te
x
\pgfutil@everybye=\toks27
\pgfutil@tempdima=\dimen167
\pgfutil@tempdimb=\dimen168

(/usr/local/texlive/2020/texmf-dist/tex/generic/pgf/utilities/pgfutil-common-li
sts.tex))
(/usr/local/texlive/2020/texmf-dist/tex/generic/pgf/utilities/pgfutil-latex.def
\pgfutil@abb=\box52
(/usr/local/texlive/2020/texmf-dist/tex/latex/ms/everyshi.sty
Package: everyshi 2001/05/15 v3.00 EveryShipout Package (MS)
))
(/usr/local/texlive/2020/texmf-dist/tex/generic/pgf/utilities/pgfrcs.code.tex
(/usr/local/texlive/2020/texmf-dist/tex/generic/pgf/pgf.revision.tex)
Package: pgfrcs 2020/01/08 v3.1.5b (3.1.5b)
))
Package: pgf 2020/01/08 v3.1.5b (3.1.5b)

(/usr/local/texlive/2020/texmf-dist/tex/latex/pgf/basiclayer/pgfcore.sty
(/usr/local/texlive/2020/texmf-dist/tex/latex/pgf/systemlayer/pgfsys.sty
(/usr/local/texlive/2020/texmf-dist/tex/generic/pgf/systemlayer/pgfsys.code.tex
Package: pgfsys 2020/01/08 v3.1.5b (3.1.5b)
(/usr/local/texlive/2020/texmf-dist/tex/generic/pgf/utilities/pgfkeys.code.tex
\pgfkeys@pathtoks=\toks28
\pgfkeys@temptoks=\toks29

(/usr/local/texlive/2020/texmf-dist/tex/generic/pgf/utilities/pgfkeysfiltered.c
ode.tex
\pgfkeys@tmptoks=\toks30
))
\pgf@x=\dimen169
\pgf@y=\dimen170
\pgf@xa=\dimen171
\pgf@ya=\dimen172
\pgf@xb=\dimen173
\pgf@yb=\dimen174
\pgf@xc=\dimen175
\pgf@yc=\dimen176
\pgf@xd=\dimen177
\pgf@yd=\dimen178
\w@pgf@writea=\write3
\r@pgf@reada=\read2
\c@pgf@counta=\count275
\c@pgf@countb=\count276
\c@pgf@countc=\count277
\c@pgf@countd=\count278
\t@pgf@toka=\toks31
\t@pgf@tokb=\toks32
\t@pgf@tokc=\toks33
\pgf@sys@id@count=\count279

(/usr/local/texlive/2020/texmf-dist/tex/generic/pgf/systemlayer/pgf.cfg
File: pgf.cfg 2020/01/08 v3.1.5b (3.1.5b)
)
Driver file for pgf: pgfsys-pdftex.def

(/usr/local/texlive/2020/texmf-dist/tex/generic/pgf/systemlayer/pgfsys-pdftex.d
ef
File: pgfsys-pdftex.def 2020/01/08 v3.1.5b (3.1.5b)

(/usr/local/texlive/2020/texmf-dist/tex/generic/pgf/systemlayer/pgfsys-common-p
df.def
File: pgfsys-common-pdf.def 2020/01/08 v3.1.5b (3.1.5b)
)))
(/usr/local/texlive/2020/texmf-dist/tex/generic/pgf/systemlayer/pgfsyssoftpath.
code.tex
File: pgfsyssoftpath.code.tex 2020/01/08 v3.1.5b (3.1.5b)
\pgfsyssoftpath@smallbuffer@items=\count280
\pgfsyssoftpath@bigbuffer@items=\count281
)
(/usr/local/texlive/2020/texmf-dist/tex/generic/pgf/systemlayer/pgfsysprotocol.
code.tex
File: pgfsysprotocol.code.tex 2020/01/08 v3.1.5b (3.1.5b)
))
(/usr/local/texlive/2020/texmf-dist/tex/generic/pgf/basiclayer/pgfcore.code.tex
Package: pgfcore 2020/01/08 v3.1.5b (3.1.5b)
(/usr/local/texlive/2020/texmf-dist/tex/generic/pgf/math/pgfmath.code.tex
(/usr/local/texlive/2020/texmf-dist/tex/generic/pgf/math/pgfmathcalc.code.tex
(/usr/local/texlive/2020/texmf-dist/tex/generic/pgf/math/pgfmathutil.code.tex)
(/usr/local/texlive/2020/texmf-dist/tex/generic/pgf/math/pgfmathparser.code.tex
\pgfmath@dimen=\dimen179
\pgfmath@count=\count282
\pgfmath@box=\box53
\pgfmath@toks=\toks34
\pgfmath@stack@operand=\toks35
\pgfmath@stack@operation=\toks36
)
(/usr/local/texlive/2020/texmf-dist/tex/generic/pgf/math/pgfmathfunctions.code.
tex
(/usr/local/texlive/2020/texmf-dist/tex/generic/pgf/math/pgfmathfunctions.basic
.code.tex)
(/usr/local/texlive/2020/texmf-dist/tex/generic/pgf/math/pgfmathfunctions.trigo
nometric.code.tex)
(/usr/local/texlive/2020/texmf-dist/tex/generic/pgf/math/pgfmathfunctions.rando
m.code.tex)
(/usr/local/texlive/2020/texmf-dist/tex/generic/pgf/math/pgfmathfunctions.compa
rison.code.tex)
(/usr/local/texlive/2020/texmf-dist/tex/generic/pgf/math/pgfmathfunctions.base.
code.tex)
(/usr/local/texlive/2020/texmf-dist/tex/generic/pgf/math/pgfmathfunctions.round
.code.tex)
(/usr/local/texlive/2020/texmf-dist/tex/generic/pgf/math/pgfmathfunctions.misc.
code.tex)
(/usr/local/texlive/2020/texmf-dist/tex/generic/pgf/math/pgfmathfunctions.integ
erarithmetics.code.tex)))
(/usr/local/texlive/2020/texmf-dist/tex/generic/pgf/math/pgfmathfloat.code.tex
\c@pgfmathroundto@lastzeros=\count283
)) (/usr/local/texlive/2020/texmf-dist/tex/generic/pgf/math/pgfint.code.tex)
(/usr/local/texlive/2020/texmf-dist/tex/generic/pgf/basiclayer/pgfcorepoints.co
de.tex
File: pgfcorepoints.code.tex 2020/01/08 v3.1.5b (3.1.5b)
\pgf@picminx=\dimen180
\pgf@picmaxx=\dimen181
\pgf@picminy=\dimen182
\pgf@picmaxy=\dimen183
\pgf@pathminx=\dimen184
\pgf@pathmaxx=\dimen185
\pgf@pathminy=\dimen186
\pgf@pathmaxy=\dimen187
\pgf@xx=\dimen188
\pgf@xy=\dimen189
\pgf@yx=\dimen190
\pgf@yy=\dimen191
\pgf@zx=\dimen192
\pgf@zy=\dimen193
)
(/usr/local/texlive/2020/texmf-dist/tex/generic/pgf/basiclayer/pgfcorepathconst
ruct.code.tex
File: pgfcorepathconstruct.code.tex 2020/01/08 v3.1.5b (3.1.5b)
\pgf@path@lastx=\dimen194
\pgf@path@lasty=\dimen195
)
(/usr/local/texlive/2020/texmf-dist/tex/generic/pgf/basiclayer/pgfcorepathusage
.code.tex
File: pgfcorepathusage.code.tex 2020/01/08 v3.1.5b (3.1.5b)
\pgf@shorten@end@additional=\dimen196
\pgf@shorten@start@additional=\dimen197
)
(/usr/local/texlive/2020/texmf-dist/tex/generic/pgf/basiclayer/pgfcorescopes.co
de.tex
File: pgfcorescopes.code.tex 2020/01/08 v3.1.5b (3.1.5b)
\pgfpic=\box54
\pgf@hbox=\box55
\pgf@layerbox@main=\box56
\pgf@picture@serial@count=\count284
)
(/usr/local/texlive/2020/texmf-dist/tex/generic/pgf/basiclayer/pgfcoregraphicst
ate.code.tex
File: pgfcoregraphicstate.code.tex 2020/01/08 v3.1.5b (3.1.5b)
\pgflinewidth=\dimen198
)
(/usr/local/texlive/2020/texmf-dist/tex/generic/pgf/basiclayer/pgfcoretransform
ations.code.tex
File: pgfcoretransformations.code.tex 2020/01/08 v3.1.5b (3.1.5b)
\pgf@pt@x=\dimen199
\pgf@pt@y=\dimen256
\pgf@pt@temp=\dimen257
)
(/usr/local/texlive/2020/texmf-dist/tex/generic/pgf/basiclayer/pgfcorequick.cod
e.tex
File: pgfcorequick.code.tex 2020/01/08 v3.1.5b (3.1.5b)
)
(/usr/local/texlive/2020/texmf-dist/tex/generic/pgf/basiclayer/pgfcoreobjects.c
ode.tex
File: pgfcoreobjects.code.tex 2020/01/08 v3.1.5b (3.1.5b)
)
(/usr/local/texlive/2020/texmf-dist/tex/generic/pgf/basiclayer/pgfcorepathproce
ssing.code.tex
File: pgfcorepathprocessing.code.tex 2020/01/08 v3.1.5b (3.1.5b)
)
(/usr/local/texlive/2020/texmf-dist/tex/generic/pgf/basiclayer/pgfcorearrows.co
de.tex
File: pgfcorearrows.code.tex 2020/01/08 v3.1.5b (3.1.5b)
\pgfarrowsep=\dimen258
)
(/usr/local/texlive/2020/texmf-dist/tex/generic/pgf/basiclayer/pgfcoreshade.cod
e.tex
File: pgfcoreshade.code.tex 2020/01/08 v3.1.5b (3.1.5b)
\pgf@max=\dimen259
\pgf@sys@shading@range@num=\count285
\pgf@shadingcount=\count286
)
(/usr/local/texlive/2020/texmf-dist/tex/generic/pgf/basiclayer/pgfcoreimage.cod
e.tex
File: pgfcoreimage.code.tex 2020/01/08 v3.1.5b (3.1.5b)

(/usr/local/texlive/2020/texmf-dist/tex/generic/pgf/basiclayer/pgfcoreexternal.
code.tex
File: pgfcoreexternal.code.tex 2020/01/08 v3.1.5b (3.1.5b)
\pgfexternal@startupbox=\box57
))
(/usr/local/texlive/2020/texmf-dist/tex/generic/pgf/basiclayer/pgfcorelayers.co
de.tex
File: pgfcorelayers.code.tex 2020/01/08 v3.1.5b (3.1.5b)
)
(/usr/local/texlive/2020/texmf-dist/tex/generic/pgf/basiclayer/pgfcoretranspare
ncy.code.tex
File: pgfcoretransparency.code.tex 2020/01/08 v3.1.5b (3.1.5b)
)
(/usr/local/texlive/2020/texmf-dist/tex/generic/pgf/basiclayer/pgfcorepatterns.
code.tex
File: pgfcorepatterns.code.tex 2020/01/08 v3.1.5b (3.1.5b)
)
(/usr/local/texlive/2020/texmf-dist/tex/generic/pgf/basiclayer/pgfcorerdf.code.
tex
File: pgfcorerdf.code.tex 2020/01/08 v3.1.5b (3.1.5b)
)))
(/usr/local/texlive/2020/texmf-dist/tex/generic/pgf/modules/pgfmoduleshapes.cod
e.tex
File: pgfmoduleshapes.code.tex 2020/01/08 v3.1.5b (3.1.5b)
\pgfnodeparttextbox=\box58
)
(/usr/local/texlive/2020/texmf-dist/tex/generic/pgf/modules/pgfmoduleplot.code.
tex
File: pgfmoduleplot.code.tex 2020/01/08 v3.1.5b (3.1.5b)
)
(/usr/local/texlive/2020/texmf-dist/tex/latex/pgf/compatibility/pgfcomp-version
-0-65.sty
Package: pgfcomp-version-0-65 2020/01/08 v3.1.5b (3.1.5b)
\pgf@nodesepstart=\dimen260
\pgf@nodesepend=\dimen261
)
(/usr/local/texlive/2020/texmf-dist/tex/latex/pgf/compatibility/pgfcomp-version
-1-18.sty
Package: pgfcomp-version-1-18 2020/01/08 v3.1.5b (3.1.5b)
)) (/usr/local/texlive/2020/texmf-dist/tex/latex/tools/verbatim.sty
Package: verbatim 2019/11/10 v1.5r LaTeX2e package for verbatim enhancements
\every@verbatim=\toks37
\verbatim@line=\toks38
\verbatim@in@stream=\read3
)
(/usr/local/texlive/2020/texmf-dist/tex/latex/environ/environ.sty
Package: environ 2014/05/04 v0.3 A new way to define environments

(/usr/local/texlive/2020/texmf-dist/tex/latex/trimspaces/trimspaces.sty
Package: trimspaces 2009/09/17 v1.1 Trim spaces around a token list
))
\tcb@titlebox=\box59
\tcb@upperbox=\box60
\tcb@lowerbox=\box61
\tcb@phantombox=\box62
\c@tcbbreakpart=\count287
\c@tcblayer=\count288
\tcolorbox@number=\count289
\tcb@temp=\box63
\tcb@temp=\box64
\tcb@temp=\box65
\tcb@temp=\box66
\tcb@out=\write4
\tcb@record@out=\write5

(/usr/local/texlive/2020/texmf-dist/tex/latex/tcolorbox/tcbraster.code.tex
Library (tcolorbox): 'tcbraster.code.tex' version '4.22'
\c@tcbrastercolumn=\count290
\c@tcbrasterrow=\count291
\c@tcbraster=\count292
) (/usr/local/texlive/2020/texmf-dist/tex/latex/tcolorbox/tcbskins.code.tex
Library (tcolorbox): 'tcbskins.code.tex' version '4.22'
(/usr/local/texlive/2020/texmf-dist/tex/latex/pgf/frontendlayer/tikz.sty
(/usr/local/texlive/2020/texmf-dist/tex/latex/pgf/utilities/pgffor.sty
(/usr/local/texlive/2020/texmf-dist/tex/latex/pgf/utilities/pgfkeys.sty
(/usr/local/texlive/2020/texmf-dist/tex/generic/pgf/utilities/pgfkeys.code.tex)
) (/usr/local/texlive/2020/texmf-dist/tex/latex/pgf/math/pgfmath.sty
(/usr/local/texlive/2020/texmf-dist/tex/generic/pgf/math/pgfmath.code.tex))
(/usr/local/texlive/2020/texmf-dist/tex/generic/pgf/utilities/pgffor.code.tex
Package: pgffor 2020/01/08 v3.1.5b (3.1.5b)

(/usr/local/texlive/2020/texmf-dist/tex/generic/pgf/math/pgfmath.code.tex)
\pgffor@iter=\dimen262
\pgffor@skip=\dimen263
\pgffor@stack=\toks39
\pgffor@toks=\toks40
))
(/usr/local/texlive/2020/texmf-dist/tex/generic/pgf/frontendlayer/tikz/tikz.cod
e.tex
Package: tikz 2020/01/08 v3.1.5b (3.1.5b)

(/usr/local/texlive/2020/texmf-dist/tex/generic/pgf/libraries/pgflibraryplothan
dlers.code.tex
File: pgflibraryplothandlers.code.tex 2020/01/08 v3.1.5b (3.1.5b)
\pgf@plot@mark@count=\count293
\pgfplotmarksize=\dimen264
)
\tikz@lastx=\dimen265
\tikz@lasty=\dimen266
\tikz@lastxsaved=\dimen267
\tikz@lastysaved=\dimen268
\tikz@lastmovetox=\dimen269
\tikz@lastmovetoy=\dimen270
\tikzleveldistance=\dimen271
\tikzsiblingdistance=\dimen272
\tikz@figbox=\box67
\tikz@figbox@bg=\box68
\tikz@tempbox=\box69
\tikz@tempbox@bg=\box70
\tikztreelevel=\count294
\tikznumberofchildren=\count295
\tikznumberofcurrentchild=\count296
\tikz@fig@count=\count297

(/usr/local/texlive/2020/texmf-dist/tex/generic/pgf/modules/pgfmodulematrix.cod
e.tex
File: pgfmodulematrix.code.tex 2020/01/08 v3.1.5b (3.1.5b)
\pgfmatrixcurrentrow=\count298
\pgfmatrixcurrentcolumn=\count299
\pgf@matrix@numberofcolumns=\count300
)
\tikz@expandcount=\count301

(/usr/local/texlive/2020/texmf-dist/tex/generic/pgf/frontendlayer/tikz/librarie
s/tikzlibrarytopaths.code.tex
File: tikzlibrarytopaths.code.tex 2020/01/08 v3.1.5b (3.1.5b)
)))
\tcb@waterbox=\box71

(/usr/local/texlive/2020/texmf-dist/tex/latex/tcolorbox/tcbskinsjigsaw.code.tex
Library (tcolorbox): 'tcbskinsjigsaw.code.tex' version '4.22'
))
(/usr/local/texlive/2020/texmf-dist/tex/latex/tcolorbox/tcbbreakable.code.tex
Library (tcolorbox): 'tcbbreakable.code.tex' version '4.22'
\tcb@testbox=\box72
\tcb@totalupperbox=\box73
\tcb@totallowerbox=\box74
) (/usr/local/texlive/2020/texmf-dist/tex/latex/tcolorbox/tcbhooks.code.tex
Library (tcolorbox): 'tcbhooks.code.tex' version '4.22'
) (/usr/local/texlive/2020/texmf-dist/tex/latex/tcolorbox/tcbtheorems.code.tex
Library (tcolorbox): 'tcbtheorems.code.tex' version '4.22'
) (/usr/local/texlive/2020/texmf-dist/tex/latex/tcolorbox/tcbfitting.code.tex
Library (tcolorbox): 'tcbfitting.code.tex' version '4.22'
\tcbfitdim=\dimen273
\tcb@lowerfitdim=\dimen274
\tcb@upperfitdim=\dimen275
\tcb@cur@hbadness=\count302
) (/usr/local/texlive/2020/texmf-dist/tex/latex/tcolorbox/tcbxparse.code.tex
Library (tcolorbox): 'tcbxparse.code.tex' version '4.22'
(/usr/local/texlive/2020/texmf-dist/tex/latex/l3packages/xparse/xparse.sty
(/usr/local/texlive/2020/texmf-dist/tex/latex/l3kernel/expl3.sty
Package: expl3 2020-03-06 L3 programming layer (loader) 

(/usr/local/texlive/2020/texmf-dist/tex/latex/l3backend/l3backend-pdfmode.def
File: l3backend-pdfmode.def 2020-03-12 L3 backend support: PDF mode
\l__kernel_color_stack_int=\count303
\l__pdf_internal_box=\box75
))
Package: xparse 2020-03-06 L3 Experimental document command parser
\l__xparse_current_arg_int=\count304
\g__xparse_grabber_int=\count305
\l__xparse_m_args_int=\count306
\l__xparse_v_nesting_int=\count307
))
(/usr/local/texlive/2020/texmf-dist/tex/latex/tcolorbox/tcblistingsutf8.code.te
x
Library (tcolorbox): 'tcblistingsutf8.code.tex' version '4.22'
(/usr/local/texlive/2020/texmf-dist/tex/latex/listingsutf8/listingsutf8.sty
Package: listingsutf8 2019-12-10 v1.5 Allow UTF-8 in listings input (HO)

(/usr/local/texlive/2020/texmf-dist/tex/latex/listings/listings.sty
\lst@mode=\count308
\lst@gtempboxa=\box76
\lst@token=\toks41
\lst@length=\count309
\lst@currlwidth=\dimen276
\lst@column=\count310
\lst@pos=\count311
\lst@lostspace=\dimen277
\lst@width=\dimen278
\lst@newlines=\count312
\lst@lineno=\count313
\lst@maxwidth=\dimen279

(/usr/local/texlive/2020/texmf-dist/tex/latex/listings/lstmisc.sty
File: lstmisc.sty 2020/03/24 1.8d (Carsten Heinz)
\c@lstnumber=\count314
\lst@skipnumbers=\count315
\lst@framebox=\box77
)
(/usr/local/texlive/2020/texmf-dist/tex/latex/listings/listings.cfg
File: listings.cfg 2020/03/24 1.8d listings configuration
))
Package: listings 2020/03/24 1.8d (Carsten Heinz)

(/usr/local/texlive/2020/texmf-dist/tex/generic/stringenc/stringenc.sty
Package: stringenc 2019/11/29 v1.12 Convert strings between diff. encodings (HO
)
))
(/usr/local/texlive/2020/texmf-dist/tex/latex/tcolorbox/tcblistings.code.tex
Library (tcolorbox): 'tcblistings.code.tex' version '4.22'

(/usr/local/texlive/2020/texmf-dist/tex/latex/tcolorbox/tcblistingscore.code.te
x
Library (tcolorbox): 'tcblistingscore.code.tex' version '4.22'
(/usr/local/texlive/2020/texmf-dist/tex/latex/tcolorbox/tcbprocessing.code.tex
Library (tcolorbox): 'tcbprocessing.code.tex' version '4.22'
(/usr/local/texlive/2020/texmf-dist/tex/latex/tools/shellesc.sty
Package: shellesc 2019/11/08 v1.0c unified shell escape interface for LaTeX
Package shellesc Info: Restricted shell escape enabled on input line 77.
))
\c@tcblisting=\count316
)))
(/usr/local/texlive/2020/texmf-dist/tex/latex/tcolorbox/tcbexternal.code.tex
Library (tcolorbox): 'tcbexternal.code.tex' version '4.22'
) (/usr/local/texlive/2020/texmf-dist/tex/latex/tcolorbox/tcbmagazine.code.tex
Library (tcolorbox): 'tcbmagazine.code.tex' version '4.22'
) (/usr/local/texlive/2020/texmf-dist/tex/latex/tcolorbox/tcbvignette.code.tex
Library (tcolorbox): 'tcbvignette.code.tex' version '4.22'

(/usr/local/texlive/2020/texmf-dist/tex/generic/pgf/frontendlayer/tikz/librarie
s/tikzlibraryfadings.code.tex
File: tikzlibraryfadings.code.tex 2020/01/08 v3.1.5b (3.1.5b)

(/usr/local/texlive/2020/texmf-dist/tex/generic/pgf/libraries/pgflibraryfadings
.code.tex
File: pgflibraryfadings.code.tex 2020/01/08 v3.1.5b (3.1.5b)
)))
(/usr/local/texlive/2020/texmf-dist/tex/latex/tcolorbox/tcbposter.code.tex
Library (tcolorbox): 'tcbposter.code.tex' version '4.22'
)) (./tikzit.sty
(/usr/local/texlive/2020/texmf-dist/tex/generic/pgf/frontendlayer/tikz/librarie
s/tikzlibrarybackgrounds.code.tex
File: tikzlibrarybackgrounds.code.tex 2020/01/08 v3.1.5b (3.1.5b)
\pgf@layerbox@background=\box78
\pgf@layerboxsaved@background=\box79
)
(/usr/local/texlive/2020/texmf-dist/tex/generic/pgf/frontendlayer/tikz/librarie
s/tikzlibraryarrows.code.tex
File: tikzlibraryarrows.code.tex 2020/01/08 v3.1.5b (3.1.5b)

(/usr/local/texlive/2020/texmf-dist/tex/generic/pgf/libraries/pgflibraryarrows.
code.tex
File: pgflibraryarrows.code.tex 2020/01/08 v3.1.5b (3.1.5b)
\arrowsize=\dimen280
))
(/usr/local/texlive/2020/texmf-dist/tex/generic/pgf/frontendlayer/tikz/librarie
s/tikzlibraryshapes.code.tex
File: tikzlibraryshapes.code.tex 2020/01/08 v3.1.5b (3.1.5b)

(/usr/local/texlive/2020/texmf-dist/tex/generic/pgf/frontendlayer/tikz/librarie
s/tikzlibraryshapes.geometric.code.tex
File: tikzlibraryshapes.geometric.code.tex 2020/01/08 v3.1.5b (3.1.5b)

(/usr/local/texlive/2020/texmf-dist/tex/generic/pgf/libraries/shapes/pgflibrary
shapes.geometric.code.tex
File: pgflibraryshapes.geometric.code.tex 2020/01/08 v3.1.5b (3.1.5b)
))
(/usr/local/texlive/2020/texmf-dist/tex/generic/pgf/frontendlayer/tikz/librarie
s/tikzlibraryshapes.misc.code.tex
File: tikzlibraryshapes.misc.code.tex 2020/01/08 v3.1.5b (3.1.5b)

(/usr/local/texlive/2020/texmf-dist/tex/generic/pgf/libraries/shapes/pgflibrary
shapes.misc.code.tex
File: pgflibraryshapes.misc.code.tex 2020/01/08 v3.1.5b (3.1.5b)
))
(/usr/local/texlive/2020/texmf-dist/tex/generic/pgf/frontendlayer/tikz/librarie
s/tikzlibraryshapes.symbols.code.tex
File: tikzlibraryshapes.symbols.code.tex 2020/01/08 v3.1.5b (3.1.5b)

(/usr/local/texlive/2020/texmf-dist/tex/generic/pgf/libraries/shapes/pgflibrary
shapes.symbols.code.tex
File: pgflibraryshapes.symbols.code.tex 2020/01/08 v3.1.5b (3.1.5b)
))
(/usr/local/texlive/2020/texmf-dist/tex/generic/pgf/frontendlayer/tikz/librarie
s/tikzlibraryshapes.arrows.code.tex
File: tikzlibraryshapes.arrows.code.tex 2020/01/08 v3.1.5b (3.1.5b)

(/usr/local/texlive/2020/texmf-dist/tex/generic/pgf/libraries/shapes/pgflibrary
shapes.arrows.code.tex
File: pgflibraryshapes.arrows.code.tex 2020/01/08 v3.1.5b (3.1.5b)
))
(/usr/local/texlive/2020/texmf-dist/tex/generic/pgf/frontendlayer/tikz/librarie
s/tikzlibraryshapes.callouts.code.tex
(/usr/local/texlive/2020/texmf-dist/tex/generic/pgf/libraries/shapes/pgflibrary
shapes.callouts.code.tex))
(/usr/local/texlive/2020/texmf-dist/tex/generic/pgf/frontendlayer/tikz/librarie
s/tikzlibraryshapes.multipart.code.tex
File: tikzlibraryshapes.multipart.code.tex 2020/01/08 v3.1.5b (3.1.5b)

(/usr/local/texlive/2020/texmf-dist/tex/generic/pgf/libraries/shapes/pgflibrary
shapes.multipart.code.tex
File: pgflibraryshapes.multipart.code.tex 2020/01/08 v3.1.5b (3.1.5b)
\pgfnodepartlowerbox=\box80
\pgfnodeparttwobox=\box81
\pgfnodepartthreebox=\box82
\pgfnodepartfourbox=\box83
\pgfnodeparttwentybox=\box84
\pgfnodepartnineteenbox=\box85
\pgfnodeparteighteenbox=\box86
\pgfnodepartseventeenbox=\box87
\pgfnodepartsixteenbox=\box88
\pgfnodepartfifteenbox=\box89
\pgfnodepartfourteenbox=\box90
\pgfnodepartthirteenbox=\box91
\pgfnodeparttwelvebox=\box92
\pgfnodepartelevenbox=\box93
\pgfnodeparttenbox=\box94
\pgfnodepartninebox=\box95
\pgfnodeparteightbox=\box96
\pgfnodepartsevenbox=\box97
\pgfnodepartsixbox=\box98
\pgfnodepartfivebox=\box99
)))
(/usr/local/texlive/2020/texmf-dist/tex/generic/pgf/frontendlayer/tikz/librarie
s/tikzlibrarydecorations.pathmorphing.code.tex
(/usr/local/texlive/2020/texmf-dist/tex/generic/pgf/frontendlayer/tikz/librarie
s/tikzlibrarydecorations.code.tex
(/usr/local/texlive/2020/texmf-dist/tex/generic/pgf/modules/pgfmoduledecoration
s.code.tex
\pgfdecoratedcompleteddistance=\dimen281
\pgfdecoratedremainingdistance=\dimen282
\pgfdecoratedinputsegmentcompleteddistance=\dimen283
\pgfdecoratedinputsegmentremainingdistance=\dimen284
\pgf@decorate@distancetomove=\dimen285
\pgf@decorate@repeatstate=\count317
\pgfdecorationsegmentamplitude=\dimen286
\pgfdecorationsegmentlength=\dimen287
)
\tikz@lib@dec@box=\box100
)
(/usr/local/texlive/2020/texmf-dist/tex/generic/pgf/libraries/decorations/pgfli
brarydecorations.pathmorphing.code.tex))
(/usr/local/texlive/2020/texmf-dist/tex/generic/pgf/frontendlayer/tikz/librarie
s/tikzlibrarydecorations.pathreplacing.code.tex
(/usr/local/texlive/2020/texmf-dist/tex/generic/pgf/libraries/decorations/pgfli
brarydecorations.pathreplacing.code.tex))
(/usr/local/texlive/2020/texmf-dist/tex/generic/pgf/frontendlayer/tikz/librarie
s/tikzlibrarydecorations.markings.code.tex
(/usr/local/texlive/2020/texmf-dist/tex/generic/pgf/libraries/decorations/pgfli
brarydecorations.markings.code.tex))
\pgf@layerbox@edgelayer=\box101
\pgf@layerboxsaved@edgelayer=\box102
\pgf@layerbox@nodelayer=\box103
\pgf@layerboxsaved@nodelayer=\box104
) (./zx.tikzdefs
(/usr/local/texlive/2020/texmf-dist/tex/latex/tools/xspace.sty
Package: xspace 2014/10/28 v1.13 Space after command names (DPC,MH)
)
(/usr/local/texlive/2020/texmf-dist/tex/latex/tools/bm.sty
Package: bm 2019/07/24 v1.2d Bold Symbol Support (DPC/FMi)
\symboldstmry=\mathgroup9
LaTeX Info: Redefining \bm on input line 209.
)) (./zx.tikzstyles)) (./definitions.tex
\c@theorem=\count318
) (./ZX-qutritpivot-complexity.aux)
\openout1 = `ZX-qutritpivot-complexity.aux'.

LaTeX Font Info:    Checking defaults for OML/cmm/m/it on input line 21.
LaTeX Font Info:    ... okay on input line 21.
LaTeX Font Info:    Checking defaults for OMS/cmsy/m/n on input line 21.
LaTeX Font Info:    ... okay on input line 21.
LaTeX Font Info:    Checking defaults for OT1/cmr/m/n on input line 21.
LaTeX Font Info:    ... okay on input line 21.
LaTeX Font Info:    Checking defaults for T1/cmr/m/n on input line 21.
LaTeX Font Info:    ... okay on input line 21.
LaTeX Font Info:    Checking defaults for TS1/cmr/m/n on input line 21.
LaTeX Font Info:    ... okay on input line 21.
LaTeX Font Info:    Checking defaults for OMX/cmex/m/n on input line 21.
LaTeX Font Info:    ... okay on input line 21.
LaTeX Font Info:    Checking defaults for U/cmr/m/n on input line 21.
LaTeX Font Info:    ... okay on input line 21.
LaTeX Font Info:    Checking defaults for PD1/pdf/m/n on input line 21.
LaTeX Font Info:    ... okay on input line 21.
LaTeX Font Info:    Trying to load font information for OT1+ptm on input line 2
1.

(/usr/local/texlive/2020/texmf-dist/tex/latex/psnfss/ot1ptm.fd
File: ot1ptm.fd 2001/06/04 font definitions for OT1/ptm.
)
\AtBeginShipoutBox=\box105
Package hyperref Info: Link coloring OFF on input line 21.

(/usr/local/texlive/2020/texmf-dist/tex/latex/hyperref/nameref.sty
Package: nameref 2019/09/16 v2.46 Cross-referencing by name of section

(/usr/local/texlive/2020/texmf-dist/tex/latex/refcount/refcount.sty
Package: refcount 2019/12/15 v3.6 Data extraction from label references (HO)
)
(/usr/local/texlive/2020/texmf-dist/tex/generic/gettitlestring/gettitlestring.s
ty
Package: gettitlestring 2019/12/15 v1.6 Cleanup title references (HO)
)
\c@section@level=\count319
)
LaTeX Info: Redefining \ref on input line 21.
LaTeX Info: Redefining \pageref on input line 21.
LaTeX Info: Redefining \nameref on input line 21.
 (./ZX-qutritpivot-complexity.out) (./ZX-qutritpivot-complexity.out)
\@outlinefile=\write6
\openout6 = `ZX-qutritpivot-complexity.out'.


(/usr/local/texlive/2020/texmf-dist/tex/context/base/mkii/supp-pdf.mkii
[Loading MPS to PDF converter (version 2006.09.02).]
\scratchcounter=\count320
\scratchdimen=\dimen288
\scratchbox=\box106
\nofMPsegments=\count321
\nofMParguments=\count322
\everyMPshowfont=\toks42
\MPscratchCnt=\count323
\MPscratchDim=\dimen289
\MPnumerator=\count324
\makeMPintoPDFobject=\count325
\everyMPtoPDFconversion=\toks43
) (/usr/local/texlive/2020/texmf-dist/tex/latex/epstopdf-pkg/epstopdf-base.sty
Package: epstopdf-base 2020-01-24 v2.11 Base part for package epstopdf
Package epstopdf-base Info: Redefining graphics rule for `.eps' on input line 4
85.

(/usr/local/texlive/2020/texmf-dist/tex/latex/latexconfig/epstopdf-sys.cfg
File: epstopdf-sys.cfg 2010/07/13 v1.3 Configuration of (r)epstopdf for TeX Liv
e
))
Package caption Info: Begin \AtBeginDocument code.
Package caption Info: listings package is loaded.
Package caption Info: End \AtBeginDocument code.

ABD: EveryShipout initializing macros
\c@lstlisting=\count326

(/usr/local/texlive/2020/texmf-dist/tex/latex/base/inputenc.sty
Package: inputenc 2018/08/11 v1.3c Input encoding file
\inpenc@prehook=\toks44
\inpenc@posthook=\toks45
)
LaTeX Font Info:    Trying to load font information for OT1+ztmcm on input line
 23.

(/usr/local/texlive/2020/texmf-dist/tex/latex/psnfss/ot1ztmcm.fd
File: ot1ztmcm.fd 2000/01/03 Fontinst v1.801 font definitions for OT1/ztmcm.
)
LaTeX Font Info:    Trying to load font information for OML+ztmcm on input line
 23.

(/usr/local/texlive/2020/texmf-dist/tex/latex/psnfss/omlztmcm.fd
File: omlztmcm.fd 2000/01/03 Fontinst v1.801 font definitions for OML/ztmcm.
)
LaTeX Font Info:    Trying to load font information for OMS+ztmcm on input line
 23.

(/usr/local/texlive/2020/texmf-dist/tex/latex/psnfss/omsztmcm.fd
File: omsztmcm.fd 2000/01/03 Fontinst v1.801 font definitions for OMS/ztmcm.
)
LaTeX Font Info:    Trying to load font information for OMX+ztmcm on input line
 23.

(/usr/local/texlive/2020/texmf-dist/tex/latex/psnfss/omxztmcm.fd
File: omxztmcm.fd 2000/01/03 Fontinst v1.801 font definitions for OMX/ztmcm.
)
LaTeX Font Info:    Font shape `OT1/ptm/bx/n' in size <9> not available
(Font)              Font shape `OT1/ptm/b/n' tried instead on input line 23.
LaTeX Font Info:    Font shape `OT1/ptm/bx/n' in size <7> not available
(Font)              Font shape `OT1/ptm/b/n' tried instead on input line 23.
LaTeX Font Info:    Font shape `OT1/ptm/bx/n' in size <5> not available
(Font)              Font shape `OT1/ptm/b/n' tried instead on input line 23.
LaTeX Font Info:    Trying to load font information for U+stmry on input line 2
3.

(/usr/local/texlive/2020/texmf-dist/tex/latex/stmaryrd/Ustmry.fd)

LaTeX Font Warning: Font shape `U/stmry/b/n' undefined
(Font)              using `U/stmry/m/n' instead on input line 23.

LaTeX Font Info:    Trying to load font information for TS1+ptm on input line 2
3.
(/usr/local/texlive/2020/texmf-dist/tex/latex/psnfss/ts1ptm.fd
File: ts1ptm.fd 2001/06/04 font definitions for TS1/ptm.
)
LaTeX Font Info:    Font shape `OT1/ptm/bx/n' in size <12> not available
(Font)              Font shape `OT1/ptm/b/n' tried instead on input line 23.
LaTeX Font Info:    Font shape `OT1/ptm/bx/n' in size <8> not available
(Font)              Font shape `OT1/ptm/b/n' tried instead on input line 23.
LaTeX Font Info:    Font shape `OT1/ptm/bx/n' in size <6> not available
(Font)              Font shape `OT1/ptm/b/n' tried instead on input line 23.

(./main/intro.tex [1

{/usr/local/texlive/2020/texmf-var/fonts/map/pdftex/updmap/pdftex.map}]) (./mai
n/qubits.tex
LaTeX Font Info:    Font shape `OT1/ptm/bx/n' in size <10.95> not available
(Font)              Font shape `OT1/ptm/b/n' tried instead on input line 12.
 [2] (./figures/qubit_spiders/Z_a_labelled.tikz

Package mathptmx Warning: There are no bold math fonts on input line 8.


LaTeX Font Warning: Command \tiny invalid in math mode on input line 10.


LaTeX Font Warning: Command \tiny invalid in math mode on input line 11.

) (./figures/qubit_spiders/X_a_labelled.tikz

LaTeX Font Warning: Command \tiny invalid in math mode on input line 10.


LaTeX Font Warning: Command \tiny invalid in math mode on input line 11.

) (./figures/qubit_hadamard/yellow_box.tikz)
(./figures/qubit_hadamard/dashed.tikz)
(./figures/qubit_hadamard/decomposed.tikz)
(./figures/qubit_hadamard/yellow_box.tikz) (./figures/eliminate/clifford.tikz)
(./figures/eliminate/pauli.tikz) [3]
(./figures/hadamard_lemmas/2_h_edges_vanish/lhs.tikz)
(./figures/hadamard_lemmas/2_h_edges_vanish/rhs.tikz)) (./main/qutrits.tex
(./figures/qutrit_generators/spiders/Z_a_b_labelled.tikz

LaTeX Font Warning: Command \tiny invalid in math mode on input line 10.


LaTeX Font Warning: Command \tiny invalid in math mode on input line 11.

) (./figures/qutrit_generators/spiders/X_a_b_labelled.tikz

LaTeX Font Warning: Command \tiny invalid in math mode on input line 10.


LaTeX Font Warning: Command \tiny invalid in math mode on input line 11.

) (./figures/qutrit_generators/spiders/Z_a_b_labelled.tikz

LaTeX Font Warning: Command \tiny invalid in math mode on input line 10.


LaTeX Font Warning: Command \tiny invalid in math mode on input line 11.

) (./figures/qutrit_generators/spiders/X_a_b_labelled.tikz

LaTeX Font Warning: Command \tiny invalid in math mode on input line 10.


LaTeX Font Warning: Command \tiny invalid in math mode on input line 11.

) [4] (./figures/hadamard_lemmas/parametrised/1.tikz)
(./figures/hadamard_lemmas/dashed/blue.tikz)
(./figures/qutrit_rules/hadamard/euler/decomposition.tikz)
(./figures/hadamard_lemmas/parametrised/2.tikz)
(./figures/hadamard_lemmas/dashed/purple.tikz)
(./figures/hadamard_lemmas/decompositions/h_dagger_zxz.tikz)
(./figures/cups_caps/z_cup.tikz) (./figures/cups_caps/x_cup.tikz)
(./figures/cups_caps/z_cap.tikz) (./figures/cups_caps/x_cap.tikz)
(./figures/hadamard_lemmas/io_irrelevant/h/lhs.tikz)
(./figures/hadamard_lemmas/io_irrelevant/h/rhs.tikz)
(./figures/hadamard_lemmas/io_irrelevant/h_dagger/lhs.tikz)
(./figures/hadamard_lemmas/io_irrelevant/h_dagger/rhs.tikz)
(./figures/qutrit_snake/same_bent.tikz)
(./figures/qutrit_snake/same_straight.tikz)
(./figures/qutrit_snake/different_bent.tikz)
(./figures/qutrit_snake/different_straight.tikz) [5]
(./figures/hadamard_lemmas/spiders_reluctant_to_fuse/1.tikz)
(./figures/hadamard_lemmas/spiders_reluctant_to_fuse/2.tikz)
(./figures/hadamard_lemmas/spiders_reluctant_to_fuse/3.tikz)
(./figures/hadamard_lemmas/3_h_edges_vanish/blue.tikz)
(./figures/hadamard_lemmas/3_h_edges_vanish/disconnected.tikz)
(./figures/hadamard_lemmas/3_h_edges_vanish/purple.tikz)
(./figures/hadamard_lemmas/3_h_edges_vanish/hopf/lhs.tikz)
(./figures/hadamard_lemmas/3_h_edges_vanish/hopf/rhs.tikz)
(./figures/hadamard_lemmas/3_h_edges_vanish/1.tikz)
(./figures/hadamard_lemmas/3_h_edges_vanish/2.tikz)
(./figures/hadamard_lemmas/3_h_edges_vanish/3.tikz)
(./figures/hadamard_lemmas/3_h_edges_vanish/4.tikz)
(./figures/hadamard_lemmas/3_h_edges_vanish/disconnected.tikz) [6]
(./figures/hadamard_lemmas/2_h_edges_flip/2_blue.tikz)
(./figures/hadamard_lemmas/2_h_edges_flip/1_purple.tikz)
(./figures/hadamard_lemmas/2_h_edges_flip/2_purple.tikz)
(./figures/hadamard_lemmas/2_h_edges_flip/1_blue.tikz)
(./figures/hadamard_lemmas/boxes/4_vanish.tikz)
(./figures/hadamard_lemmas/boxes/3_flip.tikz)
(./figures/hadamard_lemmas/boxes/2_separate.tikz)
(./figures/is_graph_like/plain_input_output_wire.tikz)
(./figures/is_graph_like/input_connected_to_hadamard.tikz)
(./figures/is_graph_like/multiple_inputs_connected_to_one_spider.tikz) [7]
(./figures/a_local_comp/same.tikz) (./figures/a_local_comp/different.tikz)
(./figures/graph_state/local_comp.tikz)
(./figures/graph_state/proper_local_pivot.tikz) [8]
(./figures/bang/basic/bang.tikz) (./figures/bang/basic/0.tikz)
(./figures/bang/basic/1.tikz) (./figures/bang/basic/2.tikz)
(./figures/bang/basic/3.tikz) (./figures/bang/parametrised/bang.tikz)
(./figures/bang/parametrised/3.tikz) (./figures/bang/connected/bang.tikz)
(./figures/bang/connected/0.tikz) (./figures/bang/connected/1.tikz)
(./figures/bang/connected/2.tikz) (./figures/bang/connected/3.tikz) [9]
(./figures/eliminate/P_spiders/bang/general/1.tikz)
(./figures/eliminate/P_spiders/bang/general/9.tikz)
(./figures/eliminate/N_spiders/0_n/bang/general/1.tikz)
(./figures/eliminate/N_spiders/0_n/bang/general/9.tikz)
(./figures/eliminate/N_spiders/n_0/bang/1.tikz)
(./figures/eliminate/N_spiders/n_0/bang/9.tikz)
(./figures/eliminate/M_spiders/bang/w_1/LHS.tikz)
Underfull \vbox (badness 2680) has occurred while \output is active []

 [10]
(./figures/eliminate/M_spiders/bang/w_1/RHS.tikz) [11])
(./main/case_studies.tex
<figures/link.jpg, id=332, 573.8238pt x 469.0323pt>
File: figures/link.jpg Graphic file (type jpg)
<use figures/link.jpg>
Package pdftex.def Info: figures/link.jpg  used on input line 17.
(pdftex.def)             Requested size: 114.76273pt x 93.8048pt.
 [12 <./figures/link.jpg>]
<figures/link-tn.jpg, id=341, 1226.4219pt x 481.3182pt>
File: figures/link-tn.jpg Graphic file (type jpg)
<use figures/link-tn.jpg>
Package pdftex.def Info: figures/link-tn.jpg  used on input line 64.
(pdftex.def)             Requested size: 245.28003pt x 96.26193pt.
<figures/q2.pdf, id=342, 845.04686pt x 597.50786pt>
File: figures/q2.pdf Graphic file (type pdf)
<use figures/q2.pdf>
Package pdftex.def Info: figures/q2.pdf  used on input line 72.
(pdftex.def)             Requested size: 126.75156pt x 89.6223pt.
 [13 <./figures/link-tn.jpg> <./figures/q2.pdf>]

LaTeX Warning: Reference `eq:pm_tensor' on page 14 undefined on input line 95.

(./figures/pm_maps/q2.tikz) (./figures/pm_maps/pm.tikz)
(./figures/pm_maps/q4.tikz) (./figures/pm_maps/pm.tikz)

LaTeX Warning: Reference `sec:passage' on page 14 undefined on input line 125.

(./figures/scalars/Z_kpi_1.tikz) (./figures/scalars/Z_kpi_2.tikz)

LaTeX Warning: Reference `thm:qubit_eliminate_spiders' on page 14 undefined on 
input line 134.


LaTeX Warning: Reference `lem:2_h_edges_vanish' on page 14 undefined on input l
ine 134.


LaTeX Warning: Reference `eq:pm_tensor' on page 14 undefined on input line 137.


(./figures/pm_maps/q3.tikz) (./figures/pm_maps/pm.tikz) [14])
(./ZX-qutritpivot-complexity.bbl
LaTeX Font Info:    Font shape `OT1/ptm/bx/n' in size <10> not available
(Font)              Font shape `OT1/ptm/b/n' tried instead on input line 20.
LaTeX Font Info:    Font shape `OT1/ptm/bx/n' in size <7.4> not available
(Font)              Font shape `OT1/ptm/b/n' tried instead on input line 20.
 [15]) (./appendix/zx_calculus.tex
(./figures/qubit_rules/fusion/lhs.tikz

LaTeX Font Warning: Command \tiny invalid in math mode on input line 10.


LaTeX Font Warning: Command \tiny invalid in math mode on input line 11.


LaTeX Font Warning: Command \tiny invalid in math mode on input line 19.


LaTeX Font Warning: Command \tiny invalid in math mode on input line 20.

) (./figures/qubit_rules/fusion/rhs.tikz

LaTeX Font Warning: Command \tiny invalid in math mode on input line 10.


LaTeX Font Warning: Command \tiny invalid in math mode on input line 11.

) (./figures/qubit_rules/bialgebra/lhs.tikz)
(./figures/qubit_rules/bialgebra/rhs.tikz)
(./figures/qubit_rules/identity/lhs.tikz)
(./figures/qubit_rules/identity/rhs.tikz)
(./figures/qubit_rules/hadamard/lhs.tikz)
(./figures/qubit_rules/hadamard/rhs.tikz)
(./figures/qubit_rules/colour_change/lhs.tikz)
(./figures/qubit_rules/colour_change/rhs.tikz)
(./figures/qubit_rules/copy/lhs.tikz) (./figures/qubit_rules/copy/rhs.tikz)
(./figures/qubit_rules/pi/lhs.tikz) (./figures/qubit_rules/pi/rhs.tikz)
(./figures/qutrit_rules/fusion/all.tikz

LaTeX Font Warning: Command \tiny invalid in math mode on input line 10.


LaTeX Font Warning: Command \tiny invalid in math mode on input line 11.


LaTeX Font Warning: Command \tiny invalid in math mode on input line 19.


LaTeX Font Warning: Command \tiny invalid in math mode on input line 20.


LaTeX Font Warning: Command \tiny invalid in math mode on input line 29.


LaTeX Font Warning: Command \tiny invalid in math mode on input line 30.


LaTeX Font Warning: Command \tiny invalid in math mode on input line 39.


LaTeX Font Warning: Command \tiny invalid in math mode on input line 40.


LaTeX Font Warning: Command \tiny invalid in math mode on input line 48.


LaTeX Font Warning: Command \tiny invalid in math mode on input line 49.

) (./figures/qutrit_rules/identity/lhs.tikz)
(./figures/qutrit_rules/identity/rhs.tikz)
(./figures/qutrit_rules/twisted_cup/lhs.tikz)
(./figures/qutrit_rules/twisted_cup/rhs.tikz)
(./figures/qutrit_rules/0_copy/lhs.tikz)
(./figures/qutrit_rules/0_copy/rhs.tikz)
(./figures/qutrit_rules/bialgebra/lhs.tikz)
(./figures/qutrit_rules/bialgebra/rhs.tikz)
(./figures/qutrit_rules/m_copy/1_2_lhs.tikz)
(./figures/qutrit_rules/m_copy/1_2_rhs.tikz)
(./figures/qutrit_rules/m_copy/2_1_lhs.tikz)
(./figures/qutrit_rules/m_copy/2_1_rhs.tikz)
(./figures/qutrit_rules/commute/1_2_lhs.tikz)
(./figures/qutrit_rules/commute/1_2_rhs.tikz)
(./figures/qutrit_rules/commute/2_1_lhs.tikz)
(./figures/qutrit_rules/commute/2_1_rhs.tikz)
(./figures/qutrit_rules/hadamard/h_hdagger.tikz)
(./figures/qutrit_rules/hadamard/identity.tikz)
(./figures/qutrit_rules/hadamard/hdagger_h.tikz)
(./figures/qutrit_rules/hadamard/euler/h.tikz)
(./figures/qutrit_rules/hadamard/euler/decomposition.tikz)
(./figures/qutrit_rules/colour_change/lhs.tikz)
(./figures/qutrit_rules/colour_change/rhs.tikz)
(./figures/qutrit_rules/colour_change/flip_lhs.tikz)
(./figures/qutrit_rules/colour_change/flip_rhs.tikz)
(./figures/qutrit_rules/snake/snake.tikz)
(./figures/qutrit_rules/snake/hopf_ish.tikz)
(./figures/qutrit_rules/snake/hadamards.tikz)
(./figures/qutrit_rules/snake/hadamard_adjoints.tikz)
(./figures/qutrit_generators/spiders/Z_a_b.tikz)
(./figures/qutrit_generators/spiders/X_a_b.tikz)
(./figures/qutrit_generators/hadamard.tikz)
(./figures/qutrit_generators/swap.tikz)
(./figures/qutrit_generators/identity.tikz)
(./figures/qutrit_generators/spiders/Z_a_b_labelled.tikz

LaTeX Font Warning: Command \tiny invalid in math mode on input line 10.


LaTeX Font Warning: Command \tiny invalid in math mode on input line 11.

) (./figures/qutrit_generators/spiders/Z_a_b_adjoint_labelled.tikz

LaTeX Font Warning: Command \tiny invalid in math mode on input line 10.


LaTeX Font Warning: Command \tiny invalid in math mode on input line 11.

) (./figures/qutrit_generators/spiders/X_a_b_labelled.tikz

LaTeX Font Warning: Command \tiny invalid in math mode on input line 10.


LaTeX Font Warning: Command \tiny invalid in math mode on input line 11.

) (./figures/qutrit_generators/spiders/X_a_b_adjoint_labelled.tikz

LaTeX Font Warning: Command \tiny invalid in math mode on input line 10.


LaTeX Font Warning: Command \tiny invalid in math mode on input line 11.

) [16] [17] (./figures/qutrit_rules/exceptions/colour_change/rhs.tikz)
(./figures/qutrit_rules/exceptions/colour_change/lhs.tikz)
(./figures/qutrit_rules/exceptions/colour_change/flip_rhs.tikz)
(./figures/qutrit_rules/exceptions/colour_change/flip_lhs.tikz))
(./appendix/pm_boxes.tex (./figures/pm_maps/q2.tikz) (./figures/pm_maps/pm.tikz
) (./figures/pm_maps/q3.tikz) (./figures/pm_maps/pm.tikz)
(./figures/pm_maps/q4.tikz) (./figures/pm_maps/pm.tikz)
(./figures/pm_maps/qubit/Z_phase.tikz) (./figures/pm_maps/qubit/X_phase.tikz)
(./figures/pm_maps/qutrit/Z_phase.tikz) (./figures/pm_maps/qutrit/X_phase.tikz)
[18] (./figures/pm_maps/q2.tikz) (./figures/pm_maps/pm.tikz)
(./figures/pm_maps/q3.tikz) (./figures/pm_maps/pm.tikz)
(./figures/qubit_hadamard/yellow_box.tikz)
(./figures/qubit_hadamard/decomposed.tikz)

LaTeX Warning: Reference `def:qubit_standard_spiders' on page 19 undefined on i
nput line 97.

(./figures/pm_maps/q4.tikz) (./figures/pm_maps/q4/decomposed.tikz)
(./figures/pm_maps/q4/id.tikz) (./figures/pm_maps/q4/pi_compare.tikz)
(./figures/pm_maps/q4/id.tikz) (./figures/pm_maps/q4/hadamard.tikz)
(./figures/pm_maps/q4/id.tikz) (./figures/pm_maps/q4/pi_copy.tikz)
(./figures/pm_maps/q4/id.tikz) (./figures/pm_maps/pm.tikz)
(./figures/pm_maps/q4.tikz) (./figures/pm_maps/q4/decomposed.tikz)
(./figures/pm_maps/q4/id.tikz) (./figures/pm_maps/q4/pi_compare.tikz)
(./figures/pm_maps/q4/id.tikz) (./figures/pm_maps/q4/hadamard.tikz)
(./figures/pm_maps/q4/id.tikz) (./figures/pm_maps/q4/pi_copy.tikz)
(./figures/pm_maps/q4/id.tikz) (./figures/pm_maps/pm.tikz) [19])
(./appendix/pivot.tex (./figures/qutrit_rules/hadamard/euler/h.tikz)
(./figures/qutrit_rules/hadamard/euler/decomposition.tikz)
(./figures/qutrit_rules/hadamard/euler/h.tikz)
(./figures/hadamard_lemmas/decompositions/h.tikz)
(./figures/hadamard_lemmas/decompositions/h_dagger.tikz)
(./figures/hadamard_lemmas/decompositions/h_dagger_xzx.tikz)
(./figures/hadamard_lemmas/decompositions/h_dagger.tikz)
(./figures/hadamard_lemmas/decompositions/h_dagger_zxz.tikz)
(./figures/graph_state/proper_local_pivot.tikz)
(./figures/proper_pivot/a_1/w_1/bang/1.tikz)
(./figures/proper_pivot/a_1/w_1/bang/2.tikz)
(./figures/proper_pivot/a_1/w_1/bang/3.tikz)
(./figures/proper_pivot/a_1/w_1/bang/4.tikz)
(./figures/proper_pivot/a_1/w_1/bang/5.tikz)
(./figures/proper_pivot/a_1/w_1/bang/1.tikz)
(./figures/proper_pivot/a_1/w_1/bang/2.tikz)
(./figures/proper_pivot/a_1/w_1/bang/3.tikz)
(./figures/proper_pivot/a_1/w_1/bang/4.tikz)
(./figures/proper_pivot/a_1/w_1/bang/5.tikz) [20])
(./appendix/eliminate/p_spiders.tex (./figures/leg_flip/1.tikz)
(./figures/leg_flip/5.tikz) (./figures/leg_flip/1.tikz)
(./figures/leg_flip/2.tikz) (./figures/leg_flip/3.tikz)
(./figures/leg_flip/4.tikz) (./figures/leg_flip/5.tikz)
Underfull \vbox (badness 2894) has occurred while \output is active []

 [21]
(./figures/m_copies/full/1.tikz) (./figures/m_copies/full/4.tikz)
(./figures/m_copies/part_1/1.tikz) (./figures/m_copies/part_1/2.tikz)
(./figures/m_copies/part_1/3.tikz) (./figures/m_copies/part_1/4.tikz)
(./figures/m_copies/part_1/5.tikz) (./figures/m_copies/part_2/1.tikz)
(./figures/m_copies/part_2/2.tikz) (./figures/m_copies/part_2/3.tikz)
(./figures/m_copies/part_2/4.tikz) (./figures/m_copies/full/1.tikz)
(./figures/m_copies/full/2.tikz) (./figures/m_copies/full/3.tikz)
(./figures/m_copies/full/4.tikz)

Package hyperref Warning: Token not allowed in a PDF string (PDFDocEncoding):
(hyperref)                removing `math shift' on input line 50.


Package hyperref Warning: Token not allowed in a PDF string (PDFDocEncoding):
(hyperref)                removing `math shift' on input line 50.

(./figures/p_state/1.tikz) (./figures/p_state/6.tikz) (./figures/p_state/1.tikz
) (./figures/p_state/2.tikz) (./figures/p_state/3.tikz)
(./figures/p_state/4.tikz) (./figures/p_state/5.tikz) (./figures/p_state/6.tikz
) [22] (./figures/eliminate/P_spiders/bang/general/1.tikz)
(./figures/eliminate/P_spiders/bang/general/9.tikz)
(./figures/eliminate/P_spiders/bang/p_1/1.tikz)
(./figures/eliminate/P_spiders/bang/p_1/2.tikz)
(./figures/eliminate/P_spiders/bang/p_1/3.tikz)
(./figures/eliminate/P_spiders/bang/p_1/4.tikz)
(./figures/eliminate/P_spiders/bang/p_1/5.tikz)
(./figures/eliminate/P_spiders/bang/p_1/6.tikz)

LaTeX Warning: Reference `eq:qutrit_dashed_lines' on page 23 undefined on input
 line 95.


LaTeX Warning: Reference `eq:qutrit_dashed_lines' on page 23 undefined on input
 line 95.


LaTeX Warning: Reference `eq:qutrit_dashed_lines' on page 23 undefined on input
 line 95.

(./figures/eliminate/P_spiders/bang/p_1/7.tikz)
(./figures/eliminate/P_spiders/bang/p_1/8.tikz)
(./figures/eliminate/P_spiders/bang/p_1/9.tikz)
(./figures/eliminate/P_spiders/bang/p_1/1.tikz)
(./figures/eliminate/P_spiders/bang/p_1/2.tikz)
(./figures/eliminate/P_spiders/bang/p_1/3.tikz)
(./figures/eliminate/P_spiders/bang/p_1/4.tikz)
(./figures/eliminate/P_spiders/bang/p_1/5.tikz)
(./figures/eliminate/P_spiders/bang/p_1/6.tikz)

LaTeX Warning: Reference `eq:qutrit_dashed_lines' on page 23 undefined on input
 line 95.


LaTeX Warning: Reference `eq:qutrit_dashed_lines' on page 23 undefined on input
 line 95.


LaTeX Warning: Reference `eq:qutrit_dashed_lines' on page 23 undefined on input
 line 95.

(./figures/eliminate/P_spiders/bang/p_1/7.tikz)
(./figures/eliminate/P_spiders/bang/p_1/8.tikz)
(./figures/eliminate/P_spiders/bang/p_1/9.tikz) [23])
(./appendix/eliminate/n_spiders.tex

Package hyperref Warning: Token not allowed in a PDF string (PDFDocEncoding):
(hyperref)                removing `math shift' on input line 1.


Package hyperref Warning: Token not allowed in a PDF string (PDFDocEncoding):
(hyperref)                removing `math shift' on input line 1.

(./figures/n_states/0_1/z.tikz) (./figures/n_states/0_1/x.tikz)
(./figures/n_states/0_2/z.tikz) (./figures/n_states/0_2/x.tikz)
(./figures/n_states/1_0/z.tikz) (./figures/n_states/1_0/x.tikz)
(./figures/n_states/2_0/z.tikz) (./figures/n_states/2_0/x.tikz)
(./figures/n_states/general/x_n_n'.tikz)
(./figures/n_states/general/z_n_n'.tikz)
(./figures/n_states/general/x_n'_n.tikz) (./figures/n_states/0_1/1.tikz)
(./figures/n_states/0_1/2.tikz) (./figures/n_states/0_1/3.tikz)
(./figures/n_states/0_1/4.tikz) (./figures/n_states/0_1/5.tikz)
(./figures/n_states/0_1/6.tikz) (./figures/n_states/corollary/0_n/lhs.tikz)
(./figures/n_states/corollary/0_n/rhs.tikz)
(./figures/n_states/corollary/n_0/lhs.tikz)
(./figures/n_states/corollary/n_0/rhs.tikz)
(./figures/n_states/corollary/0_1/1.tikz)
(./figures/n_states/corollary/0_1/2.tikz)
(./figures/n_states/corollary/0_1/3.tikz)
(./figures/n_states/corollary/0_1/4.tikz)
(./figures/n_states/corollary/0_1/5.tikz) [24]
(./figures/eliminate/N_spiders/0_n/bang/general/1.tikz)
(./figures/eliminate/N_spiders/0_n/bang/general/9.tikz)
(./figures/eliminate/N_spiders/n_0/bang/1.tikz)
(./figures/eliminate/N_spiders/n_0/bang/9.tikz)
(./figures/eliminate/N_spiders/0_n/bang/0_1/1.tikz)
(./figures/eliminate/N_spiders/0_n/bang/0_1/2.tikz)
(./figures/eliminate/N_spiders/0_n/bang/0_1/3.tikz)
(./figures/eliminate/N_spiders/0_n/bang/0_1/4.tikz)
(./figures/eliminate/N_spiders/0_n/bang/0_1/5.tikz)
(./figures/eliminate/N_spiders/0_n/bang/0_1/6.tikz)

LaTeX Warning: Reference `eq:qutrit_dashed_lines' on page 25 undefined on input
 line 78.


LaTeX Warning: Reference `eq:qutrit_dashed_lines' on page 25 undefined on input
 line 78.


LaTeX Warning: Reference `eq:qutrit_dashed_lines' on page 25 undefined on input
 line 78.

(./figures/eliminate/N_spiders/0_n/bang/0_1/7.tikz)
(./figures/eliminate/N_spiders/0_n/bang/0_1/8.tikz)
(./figures/eliminate/N_spiders/0_n/bang/0_1/9.tikz)
(./figures/eliminate/N_spiders/0_n/bang/0_1/1.tikz)
(./figures/eliminate/N_spiders/0_n/bang/0_1/2.tikz)
(./figures/eliminate/N_spiders/0_n/bang/0_1/3.tikz)
(./figures/eliminate/N_spiders/0_n/bang/0_1/4.tikz)
(./figures/eliminate/N_spiders/0_n/bang/0_1/5.tikz)
(./figures/eliminate/N_spiders/0_n/bang/0_1/6.tikz)

LaTeX Warning: Reference `eq:qutrit_dashed_lines' on page 25 undefined on input
 line 78.


LaTeX Warning: Reference `eq:qutrit_dashed_lines' on page 25 undefined on input
 line 78.


LaTeX Warning: Reference `eq:qutrit_dashed_lines' on page 25 undefined on input
 line 78.

(./figures/eliminate/N_spiders/0_n/bang/0_1/7.tikz)
(./figures/eliminate/N_spiders/0_n/bang/0_1/8.tikz)
(./figures/eliminate/N_spiders/0_n/bang/0_1/9.tikz) [25])
(./appendix/eliminate/m_spiders.tex

Package hyperref Warning: Token not allowed in a PDF string (PDFDocEncoding):
(hyperref)                removing `math shift' on input line 1.


Package hyperref Warning: Token not allowed in a PDF string (PDFDocEncoding):
(hyperref)                removing `math shift' on input line 1.

(./figures/eliminate/M_spiders/bang/w_1/LHS.tikz)
(./figures/eliminate/M_spiders/bang/w_1/RHS.tikz)
(./figures/eliminate/M_spiders/bang/w_1/1.tikz)
(./figures/eliminate/M_spiders/bang/w_1/2.tikz)
(./figures/eliminate/M_spiders/bang/w_1/3.tikz)
(./figures/eliminate/M_spiders/bang/w_1/4.tikz)
(./figures/eliminate/M_spiders/bang/w_1/5.tikz)
(./figures/eliminate/M_spiders/bang/w_1/6.tikz)
(./figures/eliminate/M_spiders/bang/w_1/7.tikz)
(./figures/eliminate/M_spiders/bang/w_1/8.tikz)
(./figures/eliminate/M_spiders/bang/w_1/9.tikz)
(./figures/eliminate/M_spiders/bang/w_1/1.tikz)
(./figures/eliminate/M_spiders/bang/w_1/2.tikz)
(./figures/eliminate/M_spiders/bang/w_1/3.tikz)
(./figures/eliminate/M_spiders/bang/w_1/4.tikz)
(./figures/eliminate/M_spiders/bang/w_1/5.tikz)
(./figures/eliminate/M_spiders/bang/w_1/6.tikz)
(./figures/eliminate/M_spiders/bang/w_1/7.tikz)
(./figures/eliminate/M_spiders/bang/w_1/8.tikz)
(./figures/eliminate/M_spiders/bang/w_1/9.tikz) [26]
Underfull \vbox (badness 10000) has occurred while \output is active []

 [27]
Underfull \vbox (badness 10000) has occurred while \output is active []

 [28])
[29]
\pages=\write7
\openout7 = `ZX-qutritpivot-complexity.pag'.

Package atveryend Info: Empty hook `BeforeClearDocument' on input line 75.
Package atveryend Info: Empty hook `AfterLastShipout' on input line 75.
 (./ZX-qutritpivot-complexity.aux)
Package atveryend Info: Executing hook `AtVeryEndDocument' on input line 75.
Package atveryend Info: Executing hook `AtEndAfterFileList' on input line 75.
Package rerunfilecheck Info: File `ZX-qutritpivot-complexity.out' has not chang
ed.
(rerunfilecheck)             Checksum: 815332262F3B08C72F5C6BF109A1648D;1428.


LaTeX Font Warning: Some font shapes were not available, defaults substituted.


LaTeX Warning: There were undefined references.

Package atveryend Info: Empty hook `AtVeryVeryEnd' on input line 75.
 ) 
Here is how much of TeX's memory you used:
 35114 strings out of 480608
 739786 string characters out of 5903629
 1649892 words of memory out of 5000000
 49307 multiletter control sequences out of 15000+600000
 607741 words of font info for 185 fonts, out of 8000000 for 9000
 1141 hyphenation exceptions out of 8191
 67i,21n,105p,1019b,1113s stack positions out of 5000i,500n,10000p,200000b,80000s
{/usr/local/texlive/2020/texmf-dist/fonts/enc/dvips/base/8r.enc}</usr/local/t
exlive/2020/texmf-dist/fonts/type1/public/amsfonts/cm/cmex10.pfb></usr/local/te
xlive/2020/texmf-dist/fonts/type1/public/amsfonts/cm/cmmi10.pfb></usr/local/tex
live/2020/texmf-dist/fonts/type1/public/amsfonts/cm/cmr10.pfb></usr/local/texli
ve/2020/texmf-dist/fonts/type1/public/amsfonts/cm/cmsy10.pfb></usr/local/texliv
e/2020/texmf-dist/fonts/type1/public/amsfonts/cm/cmtt10.pfb></usr/local/texlive
/2020/texmf-dist/fonts/type1/public/amsfonts/symbols/msbm10.pfb></usr/local/tex
live/2020/texmf-dist/fonts/type1/public/rsfs/rsfs10.pfb></usr/local/texlive/202
0/texmf-dist/fonts/type1/public/stmaryrd/stmary10.pfb></usr/local/texlive/2020/
texmf-dist/fonts/type1/urw/symbol/usyr.pfb></usr/local/texlive/2020/texmf-dist/
fonts/type1/urw/times/utmb8a.pfb></usr/local/texlive/2020/texmf-dist/fonts/type
1/urw/times/utmr8a.pfb></usr/local/texlive/2020/texmf-dist/fonts/type1/urw/time
s/utmr8a.pfb></usr/local/texlive/2020/texmf-dist/fonts/type1/urw/times/utmri8a.
pfb>
Output written on ZX-qutritpivot-complexity.pdf (29 pages, 638687 bytes).
PDF statistics:
 935 PDF objects out of 1000 (max. 8388607)
 528 compressed objects within 6 object streams
 157 named destinations out of 1000 (max. 500000)
 348 words of extra memory for PDF output out of 10000 (max. 10000000)

